  Container.cpp
  FPS.cpp
FPS.cpp(60): warning C4244: '=': conversion from 'double' to 'float', possible loss of data
  Game.cpp
  Hash.cpp
Hash.cpp(36): warning C4244: 'argument': conversion from 'time_t' to 'unsigned int', possible loss of data
Hash.cpp(38): warning C4018: '<': signed/unsigned mismatch
Hash.cpp(54): warning C4018: '<': signed/unsigned mismatch
Hash.cpp(56): warning C4018: '<': signed/unsigned mismatch
Hash.cpp(58): warning C4018: '<': signed/unsigned mismatch
Hash.cpp(85): warning C4018: '>=': signed/unsigned mismatch
Hash.cpp(96): warning C4018: '<': signed/unsigned mismatch
  main.cpp
  Particles.cpp
  Generating code
  266 of 267 functions (99.6%) were compiled, the rest were copied from previous compilation.
    0 functions were new in current compilation
    0 functions had inline decision re-evaluated but remain unchanged
  Finished generating code
  SpatialHashAssignment.vcxproj -> G:\GPS Year 2\OOP\Labs\SpatialHashAssignment\Release\SpatialHashAssignment.exe
  SpatialHashAssignment.vcxproj -> G:\GPS Year 2\OOP\Labs\SpatialHashAssignment\Release\SpatialHashAssignment.pdb (Full PDB)
